Build started 12-Apr-22 12:13:06.
     1>Project "C:\Users\sKaty\Desktop\SU\programi\Cars\Cars\Cars.vcxproj" on node 2 (Build target(s)).
     1>ClCompile:
         C:\Program Files (x86)\Microsoft Visual Studio 12.0\VC\bin\CL.exe /c /ZI /nologo /W3 /WX- /Od /Oy- /D WIN32 /D _DEBUG /D _CONSOLE /D _LIB /D _UNICODE /D UNICODE /Gm /EHsc /RTC1 /MDd /GS /fp:precise /Zc:wchar_t /Zc:forScope /Fo"Debug\\" /Fd"Debug\vc120.pdb" /Gd /TP /analyze- /errorReport:prompt Source.cpp
         Source.cpp
     1>c:\users\skaty\desktop\su\programi\cars\cars\source.cpp(88): warning C4996: 'strcpy': This function or variable may be unsafe. Consider using strcpy_s instead. To disable deprecation, use _CRT_SECURE_NO_WARNINGS. See online help for details.
                 c:\program files (x86)\microsoft visual studio 12.0\vc\include\string.h(112) : see declaration of 'strcpy'
     1>c:\users\skaty\desktop\su\programi\cars\cars\source.cpp(123): warning C4551: function call missing argument list
     1>c:\users\skaty\desktop\su\programi\cars\cars\source.cpp(142): warning C4551: function call missing argument list
     1>c:\users\skaty\desktop\su\programi\cars\cars\source.cpp(169): warning C4551: function call missing argument list
     1>c:\users\skaty\desktop\su\programi\cars\cars\source.cpp(226): warning C4551: function call missing argument list
     1>c:\users\skaty\desktop\su\programi\cars\cars\source.cpp(245): warning C4996: 'strcpy': This function or variable may be unsafe. Consider using strcpy_s instead. To disable deprecation, use _CRT_SECURE_NO_WARNINGS. See online help for details.
                 c:\program files (x86)\microsoft visual studio 12.0\vc\include\string.h(112) : see declaration of 'strcpy'
     1>c:\users\skaty\desktop\su\programi\cars\cars\source.cpp(284): warning C4551: function call missing argument list
       Link:
         C:\Program Files (x86)\Microsoft Visual Studio 12.0\VC\bin\link.exe /ERRORREPORT:PROMPT /OUT:"C:\Users\sKaty\Desktop\SU\programi\Cars\Debug\Cars.exe" /INCREMENTAL /NOLOGO kernel32.lib user32.lib gdi32.lib winspool.lib comdlg32.lib advapi32.lib shell32.lib ole32.lib oleaut32.lib uuid.lib odbc32.lib odbccp32.lib /MANIFEST /MANIFESTUAC:"level='asInvoker' uiAccess='false'" /manifest:embed /DEBUG /PDB:"C:\Users\sKaty\Desktop\SU\programi\Cars\Debug\Cars.pdb" /SUBSYSTEM:CONSOLE /TLBID:1 /DYNAMICBASE /NXCOMPAT /IMPLIB:"C:\Users\sKaty\Desktop\SU\programi\Cars\Debug\Cars.lib" /MACHINE:X86 Debug\Source.obj
         Cars.vcxproj -> C:\Users\sKaty\Desktop\SU\programi\Cars\Debug\Cars.exe
     1>Done Building Project "C:\Users\sKaty\Desktop\SU\programi\Cars\Cars\Cars.vcxproj" (Build target(s)).

Build succeeded.

Time Elapsed 00:00:01.05
