Build started 12-Apr-22 12:44:54.
     1>Project "C:\Users\sKaty\Desktop\SU\programi\Cookie_Jar\Cookie_Jar\Cookie_Jar.vcxproj" on node 2 (Build target(s)).
     1>ClCompile:
         C:\Program Files (x86)\Microsoft Visual Studio 12.0\VC\bin\CL.exe /c /ZI /nologo /W3 /WX- /Od /Oy- /D WIN32 /D _DEBUG /D _CONSOLE /D _LIB /D _UNICODE /D UNICODE /Gm /EHsc /RTC1 /MDd /GS /fp:precise /Zc:wchar_t /Zc:forScope /Fo"Debug\\" /Fd"Debug\vc120.pdb" /Gd /TP /analyze- /errorReport:prompt Cookie.cpp Jar.cpp Source.cpp
         Source.cpp
         Jar.cpp
         Cookie.cpp
     1>c:\users\skaty\desktop\su\programi\cookie_jar\cookie_jar\cookie.cpp(29): warning C4996: 'strcpy': This function or variable may be unsafe. Consider using strcpy_s instead. To disable deprecation, use _CRT_SECURE_NO_WARNINGS. See online help for details.
                 c:\program files (x86)\microsoft visual studio 12.0\vc\include\string.h(112) : see declaration of 'strcpy'
     1>c:\users\skaty\desktop\su\programi\cookie_jar\cookie_jar\cookie.cpp(76): warning C4996: 'strcpy': This function or variable may be unsafe. Consider using strcpy_s instead. To disable deprecation, use _CRT_SECURE_NO_WARNINGS. See online help for details.
                 c:\program files (x86)\microsoft visual studio 12.0\vc\include\string.h(112) : see declaration of 'strcpy'
     1>c:\users\skaty\desktop\su\programi\cookie_jar\cookie_jar\cookie.cpp(90): warning C4996: 'strcpy': This function or variable may be unsafe. Consider using strcpy_s instead. To disable deprecation, use _CRT_SECURE_NO_WARNINGS. See online help for details.
                 c:\program files (x86)\microsoft visual studio 12.0\vc\include\string.h(112) : see declaration of 'strcpy'
     1>c:\users\skaty\desktop\su\programi\cookie_jar\cookie_jar\cookie.cpp(96): warning C4996: 'strcpy': This function or variable may be unsafe. Consider using strcpy_s instead. To disable deprecation, use _CRT_SECURE_NO_WARNINGS. See online help for details.
                 c:\program files (x86)\microsoft visual studio 12.0\vc\include\string.h(112) : see declaration of 'strcpy'
         Generating Code...
       Link:
         C:\Program Files (x86)\Microsoft Visual Studio 12.0\VC\bin\link.exe /ERRORREPORT:PROMPT /OUT:"C:\Users\sKaty\Desktop\SU\programi\Cookie_Jar\Debug\Cookie_Jar.exe" /INCREMENTAL /NOLOGO kernel32.lib user32.lib gdi32.lib winspool.lib comdlg32.lib advapi32.lib shell32.lib ole32.lib oleaut32.lib uuid.lib odbc32.lib odbccp32.lib /MANIFEST /MANIFESTUAC:"level='asInvoker' uiAccess='false'" /manifest:embed /DEBUG /PDB:"C:\Users\sKaty\Desktop\SU\programi\Cookie_Jar\Debug\Cookie_Jar.pdb" /SUBSYSTEM:CONSOLE /TLBID:1 /DYNAMICBASE /NXCOMPAT /IMPLIB:"C:\Users\sKaty\Desktop\SU\programi\Cookie_Jar\Debug\Cookie_Jar.lib" /MACHINE:X86 Debug\Cookie.obj
         Debug\Jar.obj
         Debug\Source.obj
         Cookie_Jar.vcxproj -> C:\Users\sKaty\Desktop\SU\programi\Cookie_Jar\Debug\Cookie_Jar.exe
     1>Done Building Project "C:\Users\sKaty\Desktop\SU\programi\Cookie_Jar\Cookie_Jar\Cookie_Jar.vcxproj" (Build target(s)).

Build succeeded.

Time Elapsed 00:00:02.46
